2017-05-02 12:51:20,771 [main] INFO  org.mule.module.launcher.application.DefaultMuleApplication - 
++++++++++++++++++++++++++++++++++++++++++++++++++++++++++++
+ Initializing app 'apdev-american-ws'                     +
++++++++++++++++++++++++++++++++++++++++++++++++++++++++++++
2017-05-02 12:51:21,181 [main] INFO  org.mule.lifecycle.AbstractLifecycleManager - Initialising RegistryBroker
2017-05-02 12:51:21,330 [main] INFO  org.mule.module.extension.internal.manager.DefaultExtensionManager - Starting discovery of extensions
2017-05-02 12:51:21,512 [main] INFO  org.mule.module.extension.internal.manager.DefaultExtensionManager - Discovered 1 extensions
2017-05-02 12:51:21,512 [main] INFO  org.mule.module.extension.internal.manager.DefaultExtensionManager - Registering extension validation (version 3.8)
2017-05-02 12:51:21,646 [main] INFO  org.mule.config.spring.MuleArtifactContext - Refreshing org.mule.config.spring.MuleArtifactContext@18e7143f: startup date [Tue May 02 12:51:21 EDT 2017]; root of context hierarchy
2017-05-02 12:51:24,309 [main] INFO  org.mule.config.spring.processors.NoDevkitInjectorProcessor - JSR-330 'javax.inject.Inject' annotation found and supported for autowiring
2017-05-02 12:51:25,660 [main] WARN  org.mule.module.ognl.expression.OgnlExpressionEvaluator - OGNL module is deprecated and will be removed in Mule 4.0. Use MEL expressions instead.
2017-05-02 12:51:26,137 [main] INFO  org.mule.util.journal.TransactionJournal - Using files for tx logs E:\Mule Project\workspace\.mule\.\.mule\apdev-american-ws\queue-tx-log\tx1.log and E:\Mule Project\workspace\.mule\.\.mule\apdev-american-ws\queue-tx-log\tx2.log
2017-05-02 12:51:26,164 [main] INFO  org.mule.util.journal.TransactionJournal - Using files for tx logs E:\Mule Project\workspace\.mule\.\.mule\apdev-american-ws\queue-xa-tx-log\tx1.log and E:\Mule Project\workspace\.mule\.\.mule\apdev-american-ws\queue-xa-tx-log\tx2.log
2017-05-02 12:51:26,313 [main] INFO  org.mule.lifecycle.AbstractLifecycleManager - Initialising model: _muleSystemModel
2017-05-02 12:51:26,324 [main] INFO  org.mule.construct.FlowConstructLifecycleManager - Initialising flow: american-main
2017-05-02 12:51:26,325 [main] INFO  org.mule.module.apikit.MappingExceptionListener - Initialising exception listener: MappingExceptionListener{statusCode=404, exceptions=[org.mule.module.apikit.exception.NotFoundException]}
2017-05-02 12:51:26,330 [main] INFO  org.mule.module.apikit.MappingExceptionListener - Initialising exception listener: MappingExceptionListener{statusCode=405, exceptions=[org.mule.module.apikit.exception.MethodNotAllowedException]}
2017-05-02 12:51:26,330 [main] INFO  org.mule.module.apikit.MappingExceptionListener - Initialising exception listener: MappingExceptionListener{statusCode=415, exceptions=[org.mule.module.apikit.exception.UnsupportedMediaTypeException]}
2017-05-02 12:51:26,331 [main] INFO  org.mule.module.apikit.MappingExceptionListener - Initialising exception listener: MappingExceptionListener{statusCode=406, exceptions=[org.mule.module.apikit.exception.NotAcceptableException]}
2017-05-02 12:51:26,332 [main] INFO  org.mule.module.apikit.MappingExceptionListener - Initialising exception listener: MappingExceptionListener{statusCode=400, exceptions=[org.mule.module.apikit.exception.BadRequestException]}
2017-05-02 12:51:26,365 [main] INFO  org.mule.processor.SedaStageLifecycleManager - Initialising service: american-main.stage1
2017-05-02 12:51:26,386 [main] INFO  org.mule.construct.FlowConstructLifecycleManager - Initialising flow: american-console
2017-05-02 12:51:26,386 [main] INFO  org.mule.exception.DefaultMessagingExceptionStrategy - Initialising exception listener: org.mule.exception.DefaultMessagingExceptionStrategy@4cad79bc
2017-05-02 12:51:26,392 [main] INFO  org.mule.processor.SedaStageLifecycleManager - Initialising service: american-console.stage1
2017-05-02 12:51:26,397 [main] INFO  org.mule.construct.FlowConstructLifecycleManager - Initialising flow: get:/flights:american-config
2017-05-02 12:51:26,397 [main] INFO  org.mule.exception.DefaultMessagingExceptionStrategy - Initialising exception listener: org.mule.exception.DefaultMessagingExceptionStrategy@3af58f76
2017-05-02 12:51:26,406 [main] INFO  org.mule.processor.SedaStageLifecycleManager - Initialising service: get:/flights:american-config.stage1
2017-05-02 12:51:26,407 [main] INFO  org.mule.construct.FlowConstructLifecycleManager - Initialising flow: get:/flights/{ID}:american-config
2017-05-02 12:51:26,408 [main] INFO  org.mule.exception.DefaultMessagingExceptionStrategy - Initialising exception listener: org.mule.exception.DefaultMessagingExceptionStrategy@80b122b
2017-05-02 12:51:26,414 [main] INFO  org.mule.processor.SedaStageLifecycleManager - Initialising service: get:/flights/{ID}:american-config.stage1
2017-05-02 12:51:26,415 [main] INFO  org.mule.construct.FlowConstructLifecycleManager - Initialising flow: post:/flights:american-config
2017-05-02 12:51:26,415 [main] INFO  org.mule.exception.DefaultMessagingExceptionStrategy - Initialising exception listener: org.mule.exception.DefaultMessagingExceptionStrategy@fa5f81c
2017-05-02 12:51:26,423 [main] INFO  org.mule.processor.SedaStageLifecycleManager - Initialising service: post:/flights:american-config.stage1
2017-05-02 12:51:28,023 [main] INFO  org.mule.module.apikit.Configuration - Building resource URI cache...
2017-05-02 12:51:28,408 [main] INFO  org.mule.config.spring.SpringXmlConfigurationBuilder - Configured Mule using "org.mule.config.spring.SpringXmlConfigurationBuilder" with configuration resource(s): "[ConfigResource{resourceName='E:\Mule Project\workspace\.mule\apps\apdev-american-ws\american.xml'}]"
2017-05-02 12:51:28,408 [main] INFO  org.mule.config.builders.AutoConfigurationBuilder - Configured Mule using "org.mule.config.builders.AutoConfigurationBuilder" with configuration resource(s): "[ConfigResource{resourceName='E:\Mule Project\workspace\.mule\apps\apdev-american-ws\american.xml'}]"
2017-05-02 12:51:31,436 [main] INFO  org.mule.module.launcher.application.DefaultMuleApplication - 
++++++++++++++++++++++++++++++++++++++++++++++++++++++++++++
+ Starting app 'apdev-american-ws'                         +
++++++++++++++++++++++++++++++++++++++++++++++++++++++++++++
2017-05-02 12:51:31,439 [main] INFO  org.mule.util.queue.QueueXaResourceManager - Starting ResourceManager
2017-05-02 12:51:31,439 [main] INFO  org.mule.util.queue.QueueXaResourceManager - Started ResourceManager
2017-05-02 12:51:31,506 [main] INFO  org.mule.module.http.internal.listener.DefaultHttpListenerConfig - Listening for requests on http://0.0.0.0:8081
2017-05-02 12:51:31,511 [main] INFO  org.mule.modules.oauth2.provider.agents.DefaultSplashScreenAgent - 
++++++++++++++++++++++++++++++++++++++++++++++++++++++++++++++++++++++++++++++++
+ DevKit Extensions (0) used in this application 
                             +
++++++++++++++++++++++++++++++++++++++++++++++++++++++++++++++++++++++++++++++++
2017-05-02 12:51:31,513 [main] INFO  org.mule.lifecycle.AbstractLifecycleManager - Starting model: _muleSystemModel
2017-05-02 12:51:31,516 [main] INFO  org.mule.construct.FlowConstructLifecycleManager - Starting flow: american-main
2017-05-02 12:51:31,517 [main] INFO  org.mule.processor.SedaStageLifecycleManager - Starting service: american-main.stage1
2017-05-02 12:51:31,579 [main] INFO  org.mule.module.apikit.Configuration - 
********************************************************************************
* APIKit Console URL: http://127.0.0.1:8081/console                            *
********************************************************************************
2017-05-02 12:51:31,580 [main] INFO  org.mule.construct.FlowConstructLifecycleManager - Starting flow: american-console
2017-05-02 12:51:31,580 [main] INFO  org.mule.processor.SedaStageLifecycleManager - Starting service: american-console.stage1
2017-05-02 12:51:31,587 [main] INFO  org.mule.construct.FlowConstructLifecycleManager - Starting flow: get:/flights:american-config
2017-05-02 12:51:31,587 [main] INFO  org.mule.processor.SedaStageLifecycleManager - Starting service: get:/flights:american-config.stage1
2017-05-02 12:51:31,591 [main] INFO  org.mule.construct.FlowConstructLifecycleManager - Starting flow: get:/flights/{ID}:american-config
2017-05-02 12:51:31,591 [main] INFO  org.mule.processor.SedaStageLifecycleManager - Starting service: get:/flights/{ID}:american-config.stage1
2017-05-02 12:51:31,597 [main] INFO  org.mule.construct.FlowConstructLifecycleManager - Starting flow: post:/flights:american-config
2017-05-02 12:51:31,598 [main] INFO  org.mule.processor.SedaStageLifecycleManager - Starting service: post:/flights:american-config.stage1
2017-05-02 12:51:31,719 [main] INFO  org.mule.module.management.agent.WrapperManagerAgent - This JVM hasn't been launched by the wrapper, the agent will not run.
2017-05-02 12:51:36,278 [main] INFO  org.mule.DefaultMuleContext - 
**********************************************************************
* Application: apdev-american-ws                                     *
* OS encoding: \, Mule encoding: UTF-8                               *
*                                                                    *
* Agents Running:                                                    *
*   JMX Agent                                                        *
*   Batch module default engine                                      *
*   DevKit Extension Information                                     *
*   Wrapper Manager                                                  *
**********************************************************************
